c:\users\matias\source\repos\practicas\practicas\x64\debug\vc143.pdb
c:\users\matias\source\repos\practicas\practicas\x64\debug\vc143.idb
c:\users\matias\source\repos\practicas\practicas\x64\debug\vectoresparalelos.obj
c:\users\matias\source\repos\practicas\practicas\x64\debug\vectoresordenados1.obj
c:\users\matias\source\repos\practicas\practicas\x64\debug\vectores.obj
c:\users\matias\source\repos\practicas\practicas\x64\debug\practica.obj
c:\users\matias\source\repos\practicas\practicas\x64\debug\persona.obj
c:\users\matias\source\repos\practicas\practicas\x64\debug\001 - holamundo.obj
c:\users\matias\source\repos\practicas\practicas\x64\debug\002 - variableysuma.obj
c:\users\matias\source\repos\practicas\practicas\x64\debug\003 - variablesylectura.obj
c:\users\matias\source\repos\practicas\practicas\x64\debug\004 - superficiecuadrado.obj
c:\users\matias\source\repos\practicas\practicas\x64\debug\004 - superficieperimetro.obj
c:\users\matias\source\repos\practicas\practicas\x64\debug\002 - sumaproducto.obj
c:\users\matias\source\repos\practicas\practicas\x64\debug\005 - condicionales 1.obj
c:\users\matias\source\repos\practicas\practicas\x64\debug\006 - condicionales 2.obj
c:\users\matias\source\repos\practicas\practicas\x64\debug\007 - operadoreslogicos.obj
c:\users\matias\source\repos\practicas\practicas\x64\debug\005 - estructurascondicionales 1.obj
c:\users\matias\source\repos\practicas\practicas\x64\debug\008 - estructurasrepetitivas.obj
c:\users\matias\source\repos\practicas\practicas\x64\debug\006 - estructurascondicionales 2.obj
c:\users\matias\source\repos\practicas\practicas\x64\debug\009 - estructurasrepetitivas 2.obj
c:\users\matias\source\repos\practicas\practicas\x64\debug\008 - estructurasrepetitivas 1.obj
c:\users\matias\source\repos\practicas\practicas\x64\debug\013 - clases 02.obj
c:\users\matias\source\repos\practicas\practicas\x64\debug\012 - clases 01.obj
c:\users\matias\source\repos\practicas\practicas\x64\debug\011 - cadenacaracteres.obj
c:\users\matias\source\repos\practicas\practicas\x64\debug\010 - estructurasrepetitivas 3.obj
c:\users\matias\source\repos\practicas\practicas\x64\debug\016 - vectoresparalelos.obj
c:\users\matias\source\repos\practicas\practicas\x64\debug\018 - vectoresordenados 2.obj
c:\users\matias\source\repos\practicas\practicas\x64\debug\017 - vectoresordenados 1.obj
c:\users\matias\source\repos\practicas\practicas\x64\debug\015 - vectores.obj
c:\users\matias\source\repos\practicas\practicas\x64\debug\014 - clases 03.obj
c:\users\matias\source\repos\practicas\practicas\x64\debug\020 - vectoresordenados 3.obj
c:\users\matias\source\repos\practicas\practicas\x64\debug\019 - vectoresordenados 2.obj
c:\users\matias\source\repos\practicas\practicas\x64\debug\018 - vectoresordenados 1.obj
c:\users\matias\source\repos\practicas\practicas\x64\debug\017 - vectoresmayormenor.obj
c:\users\matias\source\repos\practicas\practicas\x64\debug\021 - matrices.obj
c:\users\matias\source\repos\practicas\practicas\x64\debug\022 - matricesparalelas.obj
c:\users\matias\source\repos\practicas\practicas\x64\debug\023 - constructor.obj
c:\users\matias\source\repos\practicas\practicas\x64\debug\024 - destructor.obj
c:\users\matias\source\repos\practicas\practicas\x64\debug\026 - sobrecarga.obj
c:\users\matias\source\repos\practicas\practicas\x64\debug\025 - publicprivate.obj
c:\users\matias\source\repos\practicas\practicas\x64\debug\028 - colaboraciondeclases 2.obj
c:\users\matias\source\repos\practicas\practicas\x64\debug\027 - colaboraciondeclases 1.obj
c:\users\matias\source\repos\practicas\practicas\x64\debug\031 - punteros.obj
c:\users\matias\source\repos\practicas\practicas\x64\debug\030 - herencia 2.obj
c:\users\matias\source\repos\practicas\practicas\x64\debug\029 - herencia 1.obj
c:\users\matias\source\repos\practicas\practicas\x64\debug\033 - punteros 3.obj
c:\users\matias\source\repos\practicas\practicas\x64\debug\032 - punteros 2.obj
c:\users\matias\source\repos\practicas\practicas\x64\debug\031 - punteros 1.obj
c:\users\matias\source\repos\practicas\practicas\x64\debug\034 - piladinamica.obj
c:\users\matias\source\repos\practicas\practicas\x64\debug\035 - piladinamica 2.obj
c:\users\matias\source\repos\practicas\practicas\x64\debug\034 - piladinamica 1.obj
c:\users\matias\source\repos\practicas\practicas\x64\debug\036 - objetosdinamicos.obj
c:\users\matias\source\repos\practicas\practicas\x64\debug\037 - listas.obj
c:\users\matias\source\repos\practicas\practicas\x64\debug\038 - listaspila 2.obj
c:\users\matias\source\repos\practicas\practicas\x64\debug\037 - listaspila 1.obj
c:\users\matias\source\repos\practicas\practicas\x64\debug\040 - listascola 2.obj
c:\users\matias\source\repos\practicas\practicas\x64\debug\039 - listascola 1.obj
c:\users\matias\source\repos\practicas\practicas\x64\debug\041 - listascola 3.obj
c:\users\matias\source\repos\practicas\practicas\x64\debug\046 - recursividad.obj
c:\users\matias\source\repos\practicas\practicas\x64\debug\045 - listasgenericas 4.obj
c:\users\matias\source\repos\practicas\practicas\x64\debug\044 - listasgenericas 3.obj
c:\users\matias\source\repos\practicas\practicas\x64\debug\043 - listasgenericas 2.obj
c:\users\matias\source\repos\practicas\practicas\x64\debug\042 - listasgenericas 1.obj
c:\users\matias\source\repos\practicas\practicas\x64\debug\047 - recursividad 2.obj
c:\users\matias\source\repos\practicas\practicas\x64\debug\046 - recursividad 1.obj
c:\users\matias\source\repos\practicacpp\practicas\x64\debug\vc143.pdb
c:\users\matias\source\repos\practicacpp\practicas\x64\debug\vc143.idb
c:\users\matias\source\repos\practicacpp\practicas\x64\debug\020 - vectoresordenados 3.obj
c:\users\matias\source\repos\practicacpp\practicas\x64\debug\019 - vectoresordenados 2.obj
c:\users\matias\source\repos\practicacpp\practicas\x64\debug\016 - vectoresparalelos.obj
c:\users\matias\source\repos\practicacpp\practicas\x64\debug\018 - vectoresordenados 1.obj
c:\users\matias\source\repos\practicacpp\practicas\x64\debug\017 - vectoresmayormenor.obj
c:\users\matias\source\repos\practicacpp\practicas\x64\debug\015 - vectores.obj
c:\users\matias\source\repos\practicacpp\practicas\x64\debug\014 - clases 03.obj
c:\users\matias\source\repos\practicacpp\practicas\x64\debug\013 - clases 02.obj
c:\users\matias\source\repos\practicacpp\practicas\x64\debug\005 - estructurascondicionales 1.obj
c:\users\matias\source\repos\practicacpp\practicas\x64\debug\012 - clases 01.obj
c:\users\matias\source\repos\practicacpp\practicas\x64\debug\011 - cadenacaracteres.obj
c:\users\matias\source\repos\practicacpp\practicas\x64\debug\002 - sumaproducto.obj
c:\users\matias\source\repos\practicacpp\practicas\x64\debug\003 - variablesylectura.obj
c:\users\matias\source\repos\practicacpp\practicas\x64\debug\004 - superficieperimetro.obj
c:\users\matias\source\repos\practicacpp\practicas\x64\debug\006 - estructurascondicionales 2.obj
c:\users\matias\source\repos\practicacpp\practicas\x64\debug\007 - operadoreslogicos.obj
c:\users\matias\source\repos\practicacpp\practicas\x64\debug\008 - estructurasrepetitivas 1.obj
c:\users\matias\source\repos\practicacpp\practicas\x64\debug\009 - estructurasrepetitivas 2.obj
c:\users\matias\source\repos\practicas\practicas\x64\debug\practicas.ilk
c:\users\matias\source\repos\practicas\x64\debug\practicas.exe
c:\users\matias\source\repos\practicas\x64\debug\practicas.pdb
c:\users\matias\source\repos\practicacpp\practicas\x64\debug\001 - holamundo.obj
c:\users\matias\source\repos\practicacpp\practicas\x64\debug\002 - variableysuma.obj
c:\users\matias\source\repos\practicacpp\practicas\x64\debug\004 - superficiecuadrado.obj
c:\users\matias\source\repos\practicacpp\practicas\x64\debug\005 - condicionales 1.obj
c:\users\matias\source\repos\practicacpp\practicas\x64\debug\006 - condicionales 2.obj
c:\users\matias\source\repos\practicacpp\practicas\x64\debug\008 - estructurasrepetitivas.obj
c:\users\matias\source\repos\practicacpp\practicas\x64\debug\017 - vectoresordenados 1.obj
c:\users\matias\source\repos\practicacpp\practicas\x64\debug\018 - vectoresordenados 2.obj
c:\users\matias\source\repos\practicacpp\practicas\x64\debug\019 - vectoresordenados 3.obj
c:\users\matias\source\repos\practicacpp\practicas\x64\debug\021 - matrices.obj
c:\users\matias\source\repos\practicacpp\practicas\x64\debug\022 - matricesparalelas.obj
c:\users\matias\source\repos\practicacpp\practicas\x64\debug\023 - constructor.obj
c:\users\matias\source\repos\practicacpp\practicas\x64\debug\024 - destructor.obj
c:\users\matias\source\repos\practicacpp\practicas\x64\debug\025 - publicprivate.obj
c:\users\matias\source\repos\practicacpp\practicas\x64\debug\026 - sobrecarga.obj
c:\users\matias\source\repos\practicacpp\practicas\x64\debug\027 - colaboraciondeclases 1.obj
c:\users\matias\source\repos\practicacpp\practicas\x64\debug\028 - colaboraciondeclases 2.obj
c:\users\matias\source\repos\practicacpp\practicas\x64\debug\029 - herencia 1.obj
c:\users\matias\source\repos\practicacpp\practicas\x64\debug\030 - herencia 2.obj
c:\users\matias\source\repos\practicacpp\practicas\x64\debug\031 - punteros 1.obj
c:\users\matias\source\repos\practicacpp\practicas\x64\debug\031 - punteros.obj
c:\users\matias\source\repos\practicacpp\practicas\x64\debug\032 - punteros 2.obj
c:\users\matias\source\repos\practicacpp\practicas\x64\debug\033 - punteros 3.obj
c:\users\matias\source\repos\practicacpp\practicas\x64\debug\034 - piladinamica 1.obj
c:\users\matias\source\repos\practicacpp\practicas\x64\debug\034 - piladinamica.obj
c:\users\matias\source\repos\practicacpp\practicas\x64\debug\035 - piladinamica 2.obj
c:\users\matias\source\repos\practicacpp\practicas\x64\debug\036 - objetosdinamicos.obj
c:\users\matias\source\repos\practicacpp\practicas\x64\debug\037 - listas.obj
c:\users\matias\source\repos\practicacpp\practicas\x64\debug\037 - listaspila 1.obj
c:\users\matias\source\repos\practicacpp\practicas\x64\debug\037 - listaspila.obj
c:\users\matias\source\repos\practicacpp\practicas\x64\debug\038 - listaspila 2.obj
c:\users\matias\source\repos\practicacpp\practicas\x64\debug\039 - listascola 1.obj
c:\users\matias\source\repos\practicacpp\practicas\x64\debug\040 - listascola 2.obj
c:\users\matias\source\repos\practicacpp\practicas\x64\debug\041 - listascola 3.obj
c:\users\matias\source\repos\practicacpp\practicas\x64\debug\042 - listasgenericas 1.obj
c:\users\matias\source\repos\practicacpp\practicas\x64\debug\043 - listasgenericas 2.obj
c:\users\matias\source\repos\practicacpp\practicas\x64\debug\044 - listasgenericas 3.obj
c:\users\matias\source\repos\practicacpp\practicas\x64\debug\045 - listasgenericas 4.obj
c:\users\matias\source\repos\practicacpp\practicas\x64\debug\046 - recursividad 1.obj
c:\users\matias\source\repos\practicacpp\practicas\x64\debug\046 - recursividad.obj
c:\users\matias\source\repos\practicacpp\practicas\x64\debug\047 - recursividad 2.obj
c:\users\matias\source\repos\practicacpp\practicas\x64\debug\condicionales.obj
c:\users\matias\source\repos\practicacpp\practicas\x64\debug\condicionalsimple.obj
c:\users\matias\source\repos\practicacpp\practicas\x64\debug\persona.obj
c:\users\matias\source\repos\practicacpp\practicas\x64\debug\practica.obj
c:\users\matias\source\repos\practicacpp\practicas\x64\debug\sumapromedio.obj
c:\users\matias\source\repos\practicacpp\practicas\x64\debug\vectores.obj
c:\users\matias\source\repos\practicacpp\practicas\x64\debug\vectoresordenados1.obj
c:\users\matias\source\repos\practicacpp\practicas\x64\debug\vectoresparalelos.obj
c:\users\matias\source\repos\practicacpp\practicas\x64\debug\practicas.ilk
c:\users\matias\source\repos\practicacpp\x64\debug\practicas.pdb
c:\users\matias\source\repos\practicacpp\x64\debug\practicas.exe
c:\users\matias\source\repos\practicacpp\practicas\x64\debug\practicas.tlog\cl.command.1.tlog
c:\users\matias\source\repos\practicacpp\practicas\x64\debug\practicas.tlog\cl.read.1.tlog
c:\users\matias\source\repos\practicacpp\practicas\x64\debug\practicas.tlog\cl.write.1.tlog
c:\users\matias\source\repos\practicacpp\practicas\x64\debug\practicas.tlog\link.command.1.tlog
c:\users\matias\source\repos\practicacpp\practicas\x64\debug\practicas.tlog\link.read.1.tlog
c:\users\matias\source\repos\practicacpp\practicas\x64\debug\practicas.tlog\link.write.1.tlog
